[2018-06-20 12:54:44 +0000] [47] [INFO] Starting gunicorn 19.7.1
[2018-06-20 12:54:44 +0000] [47] [INFO] Listening at: http://0.0.0.0:8000 (47)
[2018-06-20 12:54:44 +0000] [47] [INFO] Using worker: gevent
[2018-06-20 12:54:44 +0000] [57] [INFO] Booting worker with pid: 57
[2018-06-20 12:54:44 +0000] [58] [INFO] Booting worker with pid: 58
[2018-06-20 12:54:44 +0000] [59] [INFO] Booting worker with pid: 59
[2018-06-20 12:54:44 +0000] [80] [INFO] Booting worker with pid: 80
[2018-06-21 08:41:08 +0000] [26] [INFO] Starting gunicorn 19.7.1
[2018-06-21 08:41:08 +0000] [26] [INFO] Listening at: http://0.0.0.0:8000 (26)
[2018-06-21 08:41:08 +0000] [26] [INFO] Using worker: gevent
[2018-06-21 08:41:08 +0000] [36] [INFO] Booting worker with pid: 36
[2018-06-21 08:41:08 +0000] [37] [INFO] Booting worker with pid: 37
[2018-06-21 08:41:08 +0000] [48] [INFO] Booting worker with pid: 48
[2018-06-21 08:41:08 +0000] [60] [INFO] Booting worker with pid: 60
[2018-06-21 14:40:35 +0000] [27] [INFO] Starting gunicorn 19.7.1
[2018-06-21 14:40:35 +0000] [27] [INFO] Listening at: http://0.0.0.0:8000 (27)
[2018-06-21 14:40:35 +0000] [27] [INFO] Using worker: gevent
[2018-06-21 14:40:35 +0000] [37] [INFO] Booting worker with pid: 37
[2018-06-21 14:40:35 +0000] [38] [INFO] Booting worker with pid: 38
[2018-06-21 14:40:35 +0000] [39] [INFO] Booting worker with pid: 39
[2018-06-21 14:40:35 +0000] [40] [INFO] Booting worker with pid: 40
[2018-06-22 10:32:32 +0000] [28] [INFO] Starting gunicorn 19.7.1
[2018-06-22 10:32:32 +0000] [28] [INFO] Listening at: http://0.0.0.0:8000 (28)
[2018-06-22 10:32:32 +0000] [28] [INFO] Using worker: gevent
[2018-06-22 10:32:32 +0000] [38] [INFO] Booting worker with pid: 38
[2018-06-22 10:32:32 +0000] [39] [INFO] Booting worker with pid: 39
[2018-06-22 10:32:32 +0000] [40] [INFO] Booting worker with pid: 40
[2018-06-22 10:32:32 +0000] [45] [INFO] Booting worker with pid: 45
[2018-06-22 15:08:10 +0000] [29] [INFO] Starting gunicorn 19.7.1
[2018-06-22 15:08:10 +0000] [29] [INFO] Listening at: http://0.0.0.0:8000 (29)
[2018-06-22 15:08:10 +0000] [29] [INFO] Using worker: gevent
[2018-06-22 15:08:10 +0000] [39] [INFO] Booting worker with pid: 39
[2018-06-22 15:08:10 +0000] [40] [INFO] Booting worker with pid: 40
[2018-06-22 15:08:10 +0000] [41] [INFO] Booting worker with pid: 41
[2018-06-22 15:08:10 +0000] [42] [INFO] Booting worker with pid: 42
[2018-06-23 13:50:17 +0000] [26] [INFO] Starting gunicorn 19.7.1
[2018-06-23 13:50:17 +0000] [26] [INFO] Listening at: http://0.0.0.0:8000 (26)
[2018-06-23 13:50:17 +0000] [26] [INFO] Using worker: gevent
[2018-06-23 13:50:17 +0000] [36] [INFO] Booting worker with pid: 36
[2018-06-23 13:50:17 +0000] [37] [INFO] Booting worker with pid: 37
[2018-06-23 13:50:17 +0000] [38] [INFO] Booting worker with pid: 38
[2018-06-23 13:50:17 +0000] [44] [INFO] Booting worker with pid: 44
[2018-06-23 14:04:45 +0000] [27] [INFO] Starting gunicorn 19.7.1
[2018-06-23 14:04:45 +0000] [27] [INFO] Listening at: http://0.0.0.0:8000 (27)
[2018-06-23 14:04:45 +0000] [27] [INFO] Using worker: gevent
[2018-06-23 14:04:45 +0000] [37] [INFO] Booting worker with pid: 37
[2018-06-23 14:04:46 +0000] [38] [INFO] Booting worker with pid: 38
[2018-06-23 14:04:46 +0000] [39] [INFO] Booting worker with pid: 39
[2018-06-23 14:04:46 +0000] [40] [INFO] Booting worker with pid: 40
[2018-06-23 17:06:41 +0000] [27] [INFO] Starting gunicorn 19.7.1
[2018-06-23 17:06:41 +0000] [27] [INFO] Listening at: http://0.0.0.0:8000 (27)
[2018-06-23 17:06:41 +0000] [27] [INFO] Using worker: gevent
[2018-06-23 17:06:41 +0000] [37] [INFO] Booting worker with pid: 37
[2018-06-23 17:06:41 +0000] [38] [INFO] Booting worker with pid: 38
[2018-06-23 17:06:41 +0000] [39] [INFO] Booting worker with pid: 39
[2018-06-23 17:06:41 +0000] [49] [INFO] Booting worker with pid: 49
[2018-06-25 08:15:22 +0000] [26] [INFO] Starting gunicorn 19.7.1
[2018-06-25 08:15:22 +0000] [26] [INFO] Listening at: http://0.0.0.0:8000 (26)
[2018-06-25 08:15:22 +0000] [26] [INFO] Using worker: gevent
[2018-06-25 08:15:22 +0000] [36] [INFO] Booting worker with pid: 36
[2018-06-25 08:15:22 +0000] [37] [INFO] Booting worker with pid: 37
[2018-06-25 08:15:22 +0000] [39] [INFO] Booting worker with pid: 39
[2018-06-25 08:15:22 +0000] [48] [INFO] Booting worker with pid: 48
[2018-06-25 08:39:46 +0000] [38] [INFO] Starting gunicorn 19.7.1
[2018-06-25 08:39:46 +0000] [38] [INFO] Listening at: http://0.0.0.0:8000 (38)
[2018-06-25 08:39:46 +0000] [38] [INFO] Using worker: gevent
[2018-06-25 08:39:46 +0000] [48] [INFO] Booting worker with pid: 48
[2018-06-25 08:39:46 +0000] [49] [INFO] Booting worker with pid: 49
[2018-06-25 08:39:46 +0000] [72] [INFO] Booting worker with pid: 72
[2018-06-25 08:39:46 +0000] [75] [INFO] Booting worker with pid: 75
[2018-06-25 08:57:02 +0000] [26] [INFO] Starting gunicorn 19.7.1
[2018-06-25 08:57:02 +0000] [26] [INFO] Listening at: http://0.0.0.0:8000 (26)
[2018-06-25 08:57:02 +0000] [26] [INFO] Using worker: gevent
[2018-06-25 08:57:02 +0000] [36] [INFO] Booting worker with pid: 36
[2018-06-25 08:57:02 +0000] [37] [INFO] Booting worker with pid: 37
[2018-06-25 08:57:03 +0000] [57] [INFO] Booting worker with pid: 57
[2018-06-25 08:57:03 +0000] [63] [INFO] Booting worker with pid: 63
[2018-06-25 09:47:42 +0000] [26] [INFO] Starting gunicorn 19.7.1
[2018-06-25 09:47:42 +0000] [26] [INFO] Listening at: http://0.0.0.0:8000 (26)
[2018-06-25 09:47:42 +0000] [26] [INFO] Using worker: gevent
[2018-06-25 09:47:42 +0000] [36] [INFO] Booting worker with pid: 36
[2018-06-25 09:47:42 +0000] [37] [INFO] Booting worker with pid: 37
[2018-06-25 09:47:42 +0000] [39] [INFO] Booting worker with pid: 39
[2018-06-25 09:47:42 +0000] [54] [INFO] Booting worker with pid: 54
[2018-06-25 09:56:15 +0000] [27] [INFO] Starting gunicorn 19.7.1
[2018-06-25 09:56:15 +0000] [27] [INFO] Listening at: http://0.0.0.0:8000 (27)
[2018-06-25 09:56:15 +0000] [27] [INFO] Using worker: gevent
[2018-06-25 09:56:15 +0000] [37] [INFO] Booting worker with pid: 37
[2018-06-25 09:56:15 +0000] [48] [INFO] Booting worker with pid: 48
[2018-06-25 09:56:15 +0000] [50] [INFO] Booting worker with pid: 50
[2018-06-25 09:56:15 +0000] [52] [INFO] Booting worker with pid: 52
[2018-06-25 15:09:18 +0000] [27] [INFO] Handling signal: term
[2018-06-25 15:09:18 +0000] [52] [INFO] Worker exiting (pid: 52)
[2018-06-25 15:09:18 +0000] [50] [INFO] Worker exiting (pid: 50)
[2018-06-25 15:09:18 +0000] [48] [INFO] Worker exiting (pid: 48)
[2018-06-25 15:09:18 +0000] [37] [INFO] Worker exiting (pid: 37)
[2018-06-25 15:09:18 +0000] [27] [INFO] Shutting down: Master
[2018-06-25 15:16:58 +0000] [27] [INFO] Starting gunicorn 19.7.1
[2018-06-25 15:16:58 +0000] [27] [INFO] Listening at: http://0.0.0.0:8000 (27)
[2018-06-25 15:16:58 +0000] [27] [INFO] Using worker: gevent
[2018-06-25 15:16:58 +0000] [37] [INFO] Booting worker with pid: 37
[2018-06-25 15:16:58 +0000] [38] [INFO] Booting worker with pid: 38
[2018-06-25 15:16:58 +0000] [49] [INFO] Booting worker with pid: 49
[2018-06-25 15:16:58 +0000] [62] [INFO] Booting worker with pid: 62
[2018-06-25 15:17:59 +0000] [26] [INFO] Starting gunicorn 19.7.1
[2018-06-25 15:17:59 +0000] [26] [INFO] Listening at: http://0.0.0.0:8000 (26)
[2018-06-25 15:17:59 +0000] [26] [INFO] Using worker: gevent
[2018-06-25 15:17:59 +0000] [36] [INFO] Booting worker with pid: 36
[2018-06-25 15:17:59 +0000] [49] [INFO] Booting worker with pid: 49
[2018-06-25 15:17:59 +0000] [52] [INFO] Booting worker with pid: 52
[2018-06-25 15:17:59 +0000] [57] [INFO] Booting worker with pid: 57
[2018-06-26 06:42:37 +0000] [40] [INFO] Starting gunicorn 19.7.1
[2018-06-26 06:42:37 +0000] [40] [INFO] Listening at: http://0.0.0.0:8000 (40)
[2018-06-26 06:42:37 +0000] [40] [INFO] Using worker: gevent
[2018-06-26 06:42:37 +0000] [50] [INFO] Booting worker with pid: 50
[2018-06-26 06:42:37 +0000] [51] [INFO] Booting worker with pid: 51
[2018-06-26 06:42:37 +0000] [59] [INFO] Booting worker with pid: 59
[2018-06-26 06:42:37 +0000] [63] [INFO] Booting worker with pid: 63
[2018-06-26 07:41:14 +0000] [26] [INFO] Starting gunicorn 19.7.1
[2018-06-26 07:41:14 +0000] [26] [INFO] Listening at: http://0.0.0.0:8000 (26)
[2018-06-26 07:41:14 +0000] [26] [INFO] Using worker: gevent
[2018-06-26 07:41:14 +0000] [36] [INFO] Booting worker with pid: 36
[2018-06-26 07:41:14 +0000] [37] [INFO] Booting worker with pid: 37
[2018-06-26 07:41:14 +0000] [53] [INFO] Booting worker with pid: 53
[2018-06-26 07:41:14 +0000] [64] [INFO] Booting worker with pid: 64
[2018-06-26 15:30:47 +0000] [26] [INFO] Starting gunicorn 19.7.1
[2018-06-26 15:30:47 +0000] [26] [INFO] Listening at: http://0.0.0.0:8000 (26)
[2018-06-26 15:30:47 +0000] [26] [INFO] Using worker: gevent
[2018-06-26 15:30:47 +0000] [36] [INFO] Booting worker with pid: 36
[2018-06-26 15:30:47 +0000] [37] [INFO] Booting worker with pid: 37
[2018-06-26 15:30:47 +0000] [38] [INFO] Booting worker with pid: 38
[2018-06-26 15:30:47 +0000] [52] [INFO] Booting worker with pid: 52
[2018-06-27 07:23:23 +0000] [44] [INFO] Starting gunicorn 19.7.1
[2018-06-27 07:23:23 +0000] [44] [INFO] Listening at: http://0.0.0.0:8000 (44)
[2018-06-27 07:23:23 +0000] [44] [INFO] Using worker: gevent
[2018-06-27 07:23:23 +0000] [54] [INFO] Booting worker with pid: 54
[2018-06-27 07:23:23 +0000] [55] [INFO] Booting worker with pid: 55
[2018-06-27 07:23:23 +0000] [56] [INFO] Booting worker with pid: 56
[2018-06-27 07:23:23 +0000] [68] [INFO] Booting worker with pid: 68
[2018-06-27 11:25:41 +0000] [44] [CRITICAL] WORKER TIMEOUT (pid:56)
[2018-06-27 11:25:45 +0000] [44] [CRITICAL] WORKER TIMEOUT (pid:54)
[2018-06-27 11:25:45 +0000] [44] [CRITICAL] WORKER TIMEOUT (pid:55)
[2018-06-27 11:25:48 +0000] [114] [INFO] Booting worker with pid: 114
[2018-06-27 11:25:48 +0000] [116] [INFO] Booting worker with pid: 116
[2018-06-27 11:25:48 +0000] [115] [INFO] Booting worker with pid: 115
[2018-06-28 09:07:40 +0000] [46] [INFO] Starting gunicorn 19.7.1
[2018-06-28 09:07:40 +0000] [46] [INFO] Listening at: http://0.0.0.0:8000 (46)
[2018-06-28 09:07:40 +0000] [46] [INFO] Using worker: gevent
[2018-06-28 09:07:40 +0000] [56] [INFO] Booting worker with pid: 56
[2018-06-28 09:07:40 +0000] [57] [INFO] Booting worker with pid: 57
[2018-06-28 09:07:41 +0000] [58] [INFO] Booting worker with pid: 58
[2018-06-28 09:07:41 +0000] [59] [INFO] Booting worker with pid: 59
[2018-06-28 15:29:29,060] ERROR in app: Exception on /admin/team/new [POST]
Traceback (most recent call last):
  File "/usr/local/lib/python2.7/site-packages/flask/app.py", line 2284, in wsgi_app
    response = self.full_dispatch_request()
  File "/usr/local/lib/python2.7/site-packages/flask/app.py", line 1807, in full_dispatch_request
    rv = self.handle_user_exception(e)
  File "/usr/local/lib/python2.7/site-packages/flask/app.py", line 1710, in handle_user_exception
    reraise(exc_type, exc_value, tb)
  File "/usr/local/lib/python2.7/site-packages/flask/app.py", line 1805, in full_dispatch_request
    rv = self.dispatch_request()
  File "/usr/local/lib/python2.7/site-packages/flask/app.py", line 1791, in dispatch_request
    return self.view_functions[rule.endpoint](**req.view_args)
  File "/opt/CTFd/CTFd/utils/__init__.py", line 297, in decorated_function
    return f(*args, **kwargs)
  File "/opt/CTFd/CTFd/admin/teams.py", line 104, in admin_create_team
    db.session.commit()
  File "/usr/local/lib/python2.7/site-packages/sqlalchemy/orm/scoping.py", line 153, in do
    return getattr(self.registry(), name)(*args, **kwargs)
  File "/usr/local/lib/python2.7/site-packages/sqlalchemy/orm/session.py", line 943, in commit
    self.transaction.commit()
  File "/usr/local/lib/python2.7/site-packages/sqlalchemy/orm/session.py", line 467, in commit
    self._prepare_impl()
  File "/usr/local/lib/python2.7/site-packages/sqlalchemy/orm/session.py", line 447, in _prepare_impl
    self.session.flush()
  File "/usr/local/lib/python2.7/site-packages/sqlalchemy/orm/session.py", line 2243, in flush
    self._flush(objects)
  File "/usr/local/lib/python2.7/site-packages/sqlalchemy/orm/session.py", line 2369, in _flush
    transaction.rollback(_capture_exception=True)
  File "/usr/local/lib/python2.7/site-packages/sqlalchemy/util/langhelpers.py", line 66, in __exit__
    compat.reraise(exc_type, exc_value, exc_tb)
  File "/usr/local/lib/python2.7/site-packages/sqlalchemy/orm/session.py", line 2333, in _flush
    flush_context.execute()
  File "/usr/local/lib/python2.7/site-packages/sqlalchemy/orm/unitofwork.py", line 391, in execute
    rec.execute(self)
  File "/usr/local/lib/python2.7/site-packages/sqlalchemy/orm/unitofwork.py", line 556, in execute
    uow
  File "/usr/local/lib/python2.7/site-packages/sqlalchemy/orm/persistence.py", line 181, in save_obj
    mapper, table, insert)
  File "/usr/local/lib/python2.7/site-packages/sqlalchemy/orm/persistence.py", line 866, in _emit_insert_statements
    execute(statement, params)
  File "/usr/local/lib/python2.7/site-packages/sqlalchemy/engine/base.py", line 948, in execute
    return meth(self, multiparams, params)
  File "/usr/local/lib/python2.7/site-packages/sqlalchemy/sql/elements.py", line 269, in _execute_on_connection
    return connection._execute_clauseelement(self, multiparams, params)
  File "/usr/local/lib/python2.7/site-packages/sqlalchemy/engine/base.py", line 1060, in _execute_clauseelement
    compiled_sql, distilled_params
  File "/usr/local/lib/python2.7/site-packages/sqlalchemy/engine/base.py", line 1200, in _execute_context
    context)
  File "/usr/local/lib/python2.7/site-packages/sqlalchemy/engine/base.py", line 1413, in _handle_dbapi_exception
    exc_info
  File "/usr/local/lib/python2.7/site-packages/sqlalchemy/util/compat.py", line 203, in raise_from_cause
    reraise(type(exception), exception, tb=exc_tb, cause=cause)
  File "/usr/local/lib/python2.7/site-packages/sqlalchemy/engine/base.py", line 1193, in _execute_context
    context)
  File "/usr/local/lib/python2.7/site-packages/sqlalchemy/engine/default.py", line 507, in do_execute
    cursor.execute(statement, parameters)
  File "/usr/local/lib/python2.7/site-packages/pymysql/cursors.py", line 165, in execute
    result = self._query(query)
  File "/usr/local/lib/python2.7/site-packages/pymysql/cursors.py", line 321, in _query
    conn.query(q)
  File "/usr/local/lib/python2.7/site-packages/pymysql/connections.py", line 860, in query
    self._affected_rows = self._read_query_result(unbuffered=unbuffered)
  File "/usr/local/lib/python2.7/site-packages/pymysql/connections.py", line 1061, in _read_query_result
    result.read()
  File "/usr/local/lib/python2.7/site-packages/pymysql/connections.py", line 1349, in read
    first_packet = self.connection._read_packet()
  File "/usr/local/lib/python2.7/site-packages/pymysql/connections.py", line 1018, in _read_packet
    packet.check_error()
  File "/usr/local/lib/python2.7/site-packages/pymysql/connections.py", line 384, in check_error
    err.raise_mysql_exception(self._data)
  File "/usr/local/lib/python2.7/site-packages/pymysql/err.py", line 107, in raise_mysql_exception
    raise errorclass(errno, errval)
IntegrityError: (pymysql.err.IntegrityError) (1062, u"Duplicate entry 'hiddenteam@yopmail.com' for key 'email'") [SQL: u'INSERT INTO teams (name, email, password, website, affiliation, country, bracket, banned, verified, `admin`, joined) VALUES (%(name)s, %(email)s, %(password)s, %(website)s, %(affiliation)s, %(country)s, %(bracket)s, %(banned)s, %(verified)s, %(admin)s, %(joined)s)'] [parameters: {'website': u'', 'verified': 0, 'name': u'hiddenteam', 'admin': 0, 'country': u'', 'banned': 0, 'joined': datetime.datetime(2018, 6, 28, 15, 29, 28, 647029), 'affiliation': u'', 'bracket': None, 'password': '$bcrypt-sha256$2b,12$vFuk2rHSWkKHmfryH/NU.e$C2q80nUsucYnYgCDA/WRkwvUgIYedJS', 'email': u'hiddenteam@yopmail.com'}] (Background on this error at: http://sqlalche.me/e/gkpj)
[2018-06-28 15:29:29 +0000] [56] [ERROR] Error handling request /admin/team/new
Traceback (most recent call last):
  File "/usr/local/lib/python2.7/site-packages/gunicorn/workers/async.py", line 56, in handle
    self.handle_request(listener_name, req, client, addr)
  File "/usr/local/lib/python2.7/site-packages/gunicorn/workers/ggevent.py", line 152, in handle_request
    super(GeventWorker, self).handle_request(*args)
  File "/usr/local/lib/python2.7/site-packages/gunicorn/workers/async.py", line 107, in handle_request
    respiter = self.wsgi(environ, resp.start_response)
  File "/usr/local/lib/python2.7/site-packages/flask/app.py", line 2301, in __call__
    return self.wsgi_app(environ, start_response)
  File "/usr/local/lib/python2.7/site-packages/flask/app.py", line 2287, in wsgi_app
    response = self.handle_exception(e)
  File "/usr/local/lib/python2.7/site-packages/flask/app.py", line 1740, in handle_exception
    return self.finalize_request(handler(e), from_error_handler=True)
  File "/opt/CTFd/CTFd/utils/__init__.py", line 137, in general_error
    return render_template('errors/500.html', error=error.description), 500
AttributeError: 'IntegrityError' object has no attribute 'description'
